#
# There is insufficient memory for the Java Runtime Environment to continue.
# Native memory allocation (mmap) failed to map 268435456 bytes for Failed to commit area from 0x0000000701c00000 to 0x0000000711c00000 of length 268435456.
# Possible reasons:
#   The system is out of physical RAM or swap space
#   The process is running with CompressedOops enabled, and the Java Heap may be blocking the growth of the native heap
# Possible solutions:
#   Reduce memory load on the system
#   Increase physical memory or swap space
#   Check if swap backing store is full
#   Decrease Java heap size (-Xmx/-Xms)
#   Decrease number of Java threads
#   Decrease Java thread stack sizes (-Xss)
#   Set larger code cache with -XX:ReservedCodeCacheSize=
# This output file may be truncated or incomplete.
#
#  Out of Memory Error (./src/hotspot/os/windows/os_windows.cpp:3303), pid=60180, tid=44948
#
# JRE version:  (11.0.9.1+11) (build )
# Java VM: OpenJDK 64-Bit Server VM (11.0.9.1+11-b1145.77, mixed mode, sharing, tiered, compressed oops, g1 gc, windows-amd64)
# No core dump will be written. Minidumps are not enabled by default on client versions of Windows
#

---------------  S U M M A R Y ------------

Command Line: org.jetbrains.git4idea.http.GitAskPassApp Username for 'https://github.com': 

Host: Intel(R) Core(TM) i5-8500 CPU @ 3.00GHz, 6 cores, 15G,  Windows 10 , 64 bit Build 19041 (10.0.19041.1023)
Time: Wed Aug 11 17:17:46 2021 中国标准时间 elapsed time: 0.132471 seconds (0d 0h 0m 0s)

---------------  T H R E A D  ---------------

Current thread (0x0000012cab8c0800):  JavaThread "Unknown thread" [_thread_in_vm, id=44948, stack(0x0000000417c00000,0x0000000417d00000)]

Stack: [0x0000000417c00000,0x0000000417d00000]
Native frames: (J=compiled Java code, j=interpreted, Vv=VM code, C=native code)
V  [jvm.dll+0x5edd9a]
V  [jvm.dll+0x7229c5]
V  [jvm.dll+0x723f1d]
V  [jvm.dll+0x7245d3]
V  [jvm.dll+0x2431b8]
V  [jvm.dll+0x5eb234]
V  [jvm.dll+0x5e0325]
V  [jvm.dll+0x2fe60b]
V  [jvm.dll+0x2fe57a]
V  [jvm.dll+0x2fe452]
V  [jvm.dll+0x303346]
V  [jvm.dll+0x34ba83]
V  [jvm.dll+0x34c186]
V  [jvm.dll+0x34bb83]
V  [jvm.dll+0x2d9218]
V  [jvm.dll+0x2da3c7]
V  [jvm.dll+0x701a67]
V  [jvm.dll+0x70325c]
V  [jvm.dll+0x359049]
V  [jvm.dll+0x6e552e]
V  [jvm.dll+0x3c1353]
V  [jvm.dll+0x3c3571]
C  [jli.dll+0x5373]
C  [ucrtbase.dll+0x21bb2]
C  [KERNEL32.DLL+0x17034]
C  [ntdll.dll+0x52651]


---------------  P R O C E S S  ---------------

Threads class SMR info:
_java_thread_list=0x0000012ca97e2d40, length=0, elements={
}

Java Threads: ( => current thread )

Other Threads:
  0x0000012cab8d5000 GCTaskThread "GC Thread#0" [stack: 0x0000000417d00000,0x0000000417e00000] [id=54340]
  0x0000012cab932000 ConcurrentGCThread "G1 Main Marker" [stack: 0x0000000417e00000,0x0000000417f00000] [id=44292]
  0x0000012cab934000 ConcurrentGCThread "G1 Conc#0" [stack: 0x0000000417f00000,0x0000000418000000] [id=57836]

[error occurred during error reporting (printing all threads), id 0xc0000005, EXCEPTION_ACCESS_VIOLATION (0xc0000005) at pc=0x00007ff9625e9807]

VM state:not at safepoint (not fully initialized)

VM Mutex/Monitor currently owned by a thread:  ([mutex/lock_event])
[0x0000012cab8ba540] Heap_lock - owner thread: 0x0000012cab8c0800

Heap address: 0x0000000701c00000, size: 4068 MB, Compressed Oops mode: Non-zero based: 0x0000000701c00000
Narrow klass base: 0x0000000000000000, Narrow klass shift: 0

GC Heap History (0 events):
No events

Deoptimization events (0 events):
No events

Classes redefined (0 events):
No events

Internal exceptions (0 events):
No events

Events (1 events):
Event: 0.009 Loaded shared library D:\pycharm\PyCharm 2020.3.3\jbr\bin\zip.dll


Dynamic libraries:
0x00007ff602530000 - 0x00007ff60253a000 	D:\pycharm\PyCharm 2020.3.3\jbr\bin\java.exe
0x00007ff99a0b0000 - 0x00007ff99a2a5000 	C:\WINDOWS\SYSTEM32\ntdll.dll
0x00007ff999240000 - 0x00007ff9992fd000 	C:\WINDOWS\System32\KERNEL32.DLL
0x00007ff997da0000 - 0x00007ff998068000 	C:\WINDOWS\System32\KERNELBASE.dll
0x00007ff997ca0000 - 0x00007ff997da0000 	C:\WINDOWS\System32\ucrtbase.dll
0x00007ff98fda0000 - 0x00007ff98fdb7000 	D:\pycharm\PyCharm 2020.3.3\jbr\bin\VCRUNTIME140.dll
0x00007ff98f130000 - 0x00007ff98f149000 	D:\pycharm\PyCharm 2020.3.3\jbr\bin\jli.dll
0x00007ff999410000 - 0x00007ff9995b0000 	C:\WINDOWS\System32\USER32.dll
0x00007ff997960000 - 0x00007ff997982000 	C:\WINDOWS\System32\win32u.dll
0x00007ff9811c0000 - 0x00007ff98145a000 	C:\WINDOWS\WinSxS\amd64_microsoft.windows.common-controls_6595b64144ccf1df_6.0.19041.1052_none_60b8f8fd71f5e8cb\COMCTL32.dll
0x00007ff998ff0000 - 0x00007ff99901a000 	C:\WINDOWS\System32\GDI32.dll
0x00007ff998120000 - 0x00007ff9981be000 	C:\WINDOWS\System32\msvcrt.dll
0x00007ff997b90000 - 0x00007ff997c9b000 	C:\WINDOWS\System32\gdi32full.dll
0x00007ff997af0000 - 0x00007ff997b8d000 	C:\WINDOWS\System32\msvcp_win.dll
0x00007ff999300000 - 0x00007ff999330000 	C:\WINDOWS\System32\IMM32.DLL
0x00007ff97bf70000 - 0x00007ff97c00d000 	D:\pycharm\PyCharm 2020.3.3\jbr\bin\msvcp140.dll
0x00007ff962300000 - 0x00007ff962dce000 	D:\pycharm\PyCharm 2020.3.3\jbr\bin\server\jvm.dll
0x00007ff998960000 - 0x00007ff998a0c000 	C:\WINDOWS\System32\ADVAPI32.dll
0x00007ff999910000 - 0x00007ff9999ab000 	C:\WINDOWS\System32\sechost.dll
0x00007ff998da0000 - 0x00007ff998ecb000 	C:\WINDOWS\System32\RPCRT4.dll
0x00007ff998a10000 - 0x00007ff998a18000 	C:\WINDOWS\System32\PSAPI.DLL
0x00007ff9928f0000 - 0x00007ff9928fa000 	C:\WINDOWS\SYSTEM32\VERSION.dll
0x00007ff98f860000 - 0x00007ff98f887000 	C:\WINDOWS\SYSTEM32\WINMM.dll
0x00007ff9844b0000 - 0x00007ff9844b9000 	C:\WINDOWS\SYSTEM32\WSOCK32.dll
0x00007ff998ed0000 - 0x00007ff998f3b000 	C:\WINDOWS\System32\ws2_32.DLL
0x00007ff995760000 - 0x00007ff995772000 	C:\WINDOWS\SYSTEM32\kernel.appcore.dll
0x00007ff9916c0000 - 0x00007ff9916d1000 	D:\pycharm\PyCharm 2020.3.3\jbr\bin\verify.dll
0x00007ff98e4e0000 - 0x00007ff98e6c4000 	C:\WINDOWS\SYSTEM32\DBGHELP.DLL
0x00007ff98e4b0000 - 0x00007ff98e4dc000 	C:\WINDOWS\SYSTEM32\dbgcore.DLL
0x00007ff9978d0000 - 0x00007ff997953000 	C:\WINDOWS\System32\bcryptPrimitives.dll
0x00007ff990100000 - 0x00007ff990129000 	D:\pycharm\PyCharm 2020.3.3\jbr\bin\java.dll
0x00007ff9930b0000 - 0x00007ff9930bb000 	D:\pycharm\PyCharm 2020.3.3\jbr\bin\jimage.dll
0x00007ff990200000 - 0x00007ff990218000 	D:\pycharm\PyCharm 2020.3.3\jbr\bin\zip.dll

dbghelp: loaded successfully - version: 4.0.5 - missing functions: none
symbol engine: initialized successfully - sym options: 0x614 - pdb path: .;D:\pycharm\PyCharm 2020.3.3\jbr\bin;C:\WINDOWS\SYSTEM32;C:\WINDOWS\WinSxS\amd64_microsoft.windows.common-controls_6595b64144ccf1df_6.0.19041.1052_none_60b8f8fd71f5e8cb;D:\pycharm\PyCharm 2020.3.3\jbr\bin\server

VM Arguments:
java_command: org.jetbrains.git4idea.http.GitAskPassApp Username for 'https://github.com': 
java_class_path (initial): D:/pycharm/PyCharm 2020.3.3/plugins/git4idea/lib/git4idea-rt.jar;D:/pycharm/PyCharm 2020.3.3/lib/xmlrpc-2.0.1.jar;D:/pycharm/PyCharm 2020.3.3/lib/commons-codec-1.14.jar
Launcher Type: SUN_STANDARD

[Global flags]
     intx CICompilerCount                          = 3                                         {product} {ergonomic}
     uint ConcGCThreads                            = 2                                         {product} {ergonomic}
     uint G1ConcRefinementThreads                  = 6                                         {product} {ergonomic}
   size_t G1HeapRegionSize                         = 1048576                                   {product} {ergonomic}
    uintx GCDrainStackTargetSize                   = 64                                        {product} {ergonomic}
   size_t InitialHeapSize                          = 268435456                                 {product} {ergonomic}
   size_t MarkStackSize                            = 4194304                                   {product} {ergonomic}
   size_t MaxHeapSize                              = 4265607168                                {product} {ergonomic}
   size_t MinHeapDeltaBytes                        = 1048576                                   {product} {ergonomic}
    uintx NonNMethodCodeHeapSize                   = 5830732                                {pd product} {ergonomic}
    uintx NonProfiledCodeHeapSize                  = 122913754                              {pd product} {ergonomic}
    uintx ProfiledCodeHeapSize                     = 122913754                              {pd product} {ergonomic}
    uintx ReservedCodeCacheSize                    = 251658240                              {pd product} {ergonomic}
     bool SegmentedCodeCache                       = true                                      {product} {ergonomic}
     bool UseCompressedClassPointers               = true                                 {lp64_product} {ergonomic}
     bool UseCompressedOops                        = true                                 {lp64_product} {ergonomic}
     bool UseG1GC                                  = true                                      {product} {ergonomic}
     bool UseLargePagesIndividualAllocation        = false                                  {pd product} {ergonomic}

Logging:
Log output configuration:
 #0: stdout all=warning uptime,level,tags
 #1: stderr all=off uptime,level,tags

Environment Variables:
JAVA_HOME=C:\Program Files\Java\jdk1.8.0_211
CLASSPATH=.;C:\Program Files\Java\jdk1.8.0_211\lib\dt.jar;C:\Program Files\Java\jdk1.8.0_211\lib\tools.jar;
PATH=C:\Program Files\Git\mingw64\libexec\git-core;C:\Program Files\Git\mingw64\libexec\git-core;C:\Program Files\Git\mingw64\bin;C:\Program Files\Git\usr\bin;C:\Users\think\bin;C:\Program Files (x86)\Razer\ChromaBroadcast\bin;C:\Program Files\Razer\ChromaBroadcast\bin;C:\Python38\Scripts;C:\Python38;D:\python\Scripts;D:\python;C:\Program Files (x86)\Common Files\Oracle\Java\javapath;C:\ProgramData\Oracle\Java\javapath;C:\WINDOWS\system32;C:\WINDOWS;C:\WINDOWS\System32\Wbem;C:\WINDOWS\System32\WindowsPowerShell\v1.0;C:\WINDOWS\System32\OpenSSH;C:\Program Files\Java\jdk1.8.0_211\bin;C:\Program Files\Java\jdk1.8.0_211\jre\bin;%ANDROID_SDK_HOME%\platform-tool;%ANDROID_SDK_HOME%\tools";D:\sdk2\platform-tools;D:\sdk2\tools;C:\strawberry\c\bin;C:\strawberry\perl\bin;C:\ProgramData\Microsoft\Windows\Start Menu\Programs;E:\创合汇\workplace\chh-web\result\allure-2.7.0;C:\;Users\think\AppData\Roaming\npm;D:\node\node_modules\npm\bin;C:\Program Files\nodejs;C:\ProgramData\chocolatey\bin;C:\Program Files\Git\cmd;C:\Program Files (x86)\NetSarang\Xshell 7;C:\Program Files (x86)\NetSarang\Xftp 7;C:\WINDOWS\system32\config\systemprofile\AppData\Local\Microsoft\WindowsApps;D:\python\Scripts;D:\python;C:\Program Files\Java\jdk1.8.0_211\bin;D:\fiddler;D:\pycharm\PyCharm 2019.1.2\bin;C:\Users\think\AppData\Local\BypassRuntm;C:\Users\think\AppData\Local\Microsoft\WindowsApps;E:\chh\workplace\chh-web\result\allure-2.7.0\bin;C:\Users\think\AppData\Roaming\npm;D:\jmeter\apache-jmeter-5.4\bin;D:\pycharm\PyCharm 2020.3.3\bin;C:\Users\think\AppData\Local\Programs\Microsoft VS Code\bin;C:\Program Files\nodejs
USERNAME=think
DISPLAY=:0.0
LC_ALL=en_US.UTF-8
OS=Windows_NT
PROCESSOR_IDENTIFIER=Intel64 Family 6 Model 158 Stepping 10, GenuineIntel



---------------  S Y S T E M  ---------------

OS: Windows 10 , 64 bit Build 19041 (10.0.19041.1023)
OS uptime: 56 days 1:47 hours

CPU:total 6 (initial active 6) (6 cores per cpu, 1 threads per core) family 6 model 158 stepping 10, cmov, cx8, fxsr, mmx, sse, sse2, sse3, ssse3, sse4.1, sse4.2, popcnt, avx, avx2, aes, clmul, erms, rtm, 3dnowpref, lzcnt, tsc, tscinvbit, bmi1, bmi2, adx, fma

Memory: 4k page, system-wide physical 16266M (4644M free)
TotalPageFile size 54666M (AvailPageFile size 58M)
current process WorkingSet (physical memory assigned to process): 10M, peak: 10M
current process commit charge ("private bytes"): 56M, peak: 312M

vm_info: OpenJDK 64-Bit Server VM (11.0.9.1+11-b1145.77) for windows-amd64 JRE (11.0.9.1+11-b1145.77), built on Jan 16 2021 05:14:13 by "" with MS VC++ 14.0 (VS2015)

END.
